[debug] [2025-11-10T14:14:52.400Z] ----------------------------------------------------------------------
[debug] [2025-11-10T14:14:52.402Z] Command:       C:\Program Files\nodejs\node.exe C:\Users\computer\AppData\Roaming\npm\node_modules\firebase-tools\lib\bin\firebase.js init
[debug] [2025-11-10T14:14:52.402Z] CLI Version:   14.24.1
[debug] [2025-11-10T14:14:52.402Z] Platform:      win32
[debug] [2025-11-10T14:14:52.402Z] Node Version:  v22.17.1
[debug] [2025-11-10T14:14:52.402Z] Time:          Mon Nov 10 2025 21:14:52 GMT+0700 (Indochina Time)
[debug] [2025-11-10T14:14:52.402Z] ----------------------------------------------------------------------
[debug] 
[info] 
     ######## #### ########  ######## ########     ###     ######  ########
     ##        ##  ##     ## ##       ##     ##  ##   ##  ##       ##
     ######    ##  ########  ######   ########  #########  ######  ######
     ##        ##  ##    ##  ##       ##     ## ##     ##       ## ##
     ##       #### ##     ## ######## ########  ##     ##  ######  ########

You're about to initialize a Firebase project in this directory:

  C:\Users\computer\Desktop\Practice Project\Finished\WEBSITE

[info] 
=== Project Setup
[info] 
[info] First, let's associate this project directory with a Firebase project.
[info] You can create multiple project aliases by running firebase use --add, 
[info] 
[debug] [2025-11-10T14:17:22.083Z] > command requires scopes: ["email","openid","https://www.googleapis.com/auth/cloudplatformprojects.readonly","https://www.googleapis.com/auth/firebase","https://www.googleapis.com/auth/cloud-platform"]
[debug] [2025-11-10T14:17:22.084Z] > authorizing via signed-in user (coolzaza2424@gmail.com)
[debug] [2025-11-10T14:17:22.085Z] Checked if tokens are valid: true, expires at: 1762787607918
[debug] [2025-11-10T14:17:22.085Z] Checked if tokens are valid: true, expires at: 1762787607918
[debug] [2025-11-10T14:17:22.086Z] >>> [apiv2][query] GET https://firebase.googleapis.com/v1beta1/projects pageSize=100
[debug] [2025-11-10T14:17:22.752Z] <<< [apiv2][status] GET https://firebase.googleapis.com/v1beta1/projects 200
[debug] [2025-11-10T14:17:22.752Z] <<< [apiv2][body] GET https://firebase.googleapis.com/v1beta1/projects [omitted]
[info] 
=== Dataconnect Setup
[debug] [2025-11-10T14:17:33.405Z] Checked if tokens are valid: true, expires at: 1762787607918
[debug] [2025-11-10T14:17:33.405Z] Checked if tokens are valid: true, expires at: 1762787607918
[debug] [2025-11-10T14:17:33.405Z] >>> [apiv2][query] GET https://cloudbilling.googleapis.com/v1/projects/ccpwebsite-35215/billingInfo [none]
[debug] [2025-11-10T14:17:34.765Z] <<< [apiv2][status] GET https://cloudbilling.googleapis.com/v1/projects/ccpwebsite-35215/billingInfo 200
[debug] [2025-11-10T14:17:34.765Z] <<< [apiv2][body] GET https://cloudbilling.googleapis.com/v1/projects/ccpwebsite-35215/billingInfo {"name":"projects/ccpwebsite-35215/billingInfo","projectId":"ccpwebsite-35215","billingAccountName":"","billingEnabled":false}
[info] i  dataconnect: ensuring required API firebasedataconnect.googleapis.com is enabled... 
[debug] [2025-11-10T14:17:34.766Z] Checked if tokens are valid: true, expires at: 1762787607918
[debug] [2025-11-10T14:17:34.767Z] Checked if tokens are valid: true, expires at: 1762787607918
[info] i  dataconnect: ensuring required API sqladmin.googleapis.com is enabled... 
[debug] [2025-11-10T14:17:34.767Z] Checked if tokens are valid: true, expires at: 1762787607918
[debug] [2025-11-10T14:17:34.767Z] Checked if tokens are valid: true, expires at: 1762787607918
[debug] [2025-11-10T14:17:34.767Z] >>> [apiv2][query] GET https://serviceusage.googleapis.com/v1/projects/ccpwebsite-35215/services/firebasedataconnect.googleapis.com [none]
[debug] [2025-11-10T14:17:34.767Z] >>> [apiv2][(partial)header] GET https://serviceusage.googleapis.com/v1/projects/ccpwebsite-35215/services/firebasedataconnect.googleapis.com x-goog-quota-user=projects/ccpwebsite-35215
[debug] [2025-11-10T14:17:34.768Z] >>> [apiv2][query] GET https://serviceusage.googleapis.com/v1/projects/ccpwebsite-35215/services/sqladmin.googleapis.com [none]
[debug] [2025-11-10T14:17:34.768Z] >>> [apiv2][(partial)header] GET https://serviceusage.googleapis.com/v1/projects/ccpwebsite-35215/services/sqladmin.googleapis.com x-goog-quota-user=projects/ccpwebsite-35215
[debug] [2025-11-10T14:17:36.246Z] <<< [apiv2][status] GET https://serviceusage.googleapis.com/v1/projects/ccpwebsite-35215/services/firebasedataconnect.googleapis.com 200
[debug] [2025-11-10T14:17:36.246Z] <<< [apiv2][body] GET https://serviceusage.googleapis.com/v1/projects/ccpwebsite-35215/services/firebasedataconnect.googleapis.com [omitted]
[warn] !  dataconnect: missing required API firebasedataconnect.googleapis.com. Enabling now... 
[debug] [2025-11-10T14:17:36.247Z] Checked if tokens are valid: true, expires at: 1762787607918
[debug] [2025-11-10T14:17:36.247Z] Checked if tokens are valid: true, expires at: 1762787607918
[debug] [2025-11-10T14:17:36.247Z] >>> [apiv2][query] POST https://serviceusage.googleapis.com/v1/projects/ccpwebsite-35215/services/firebasedataconnect.googleapis.com:enable [none]
[debug] [2025-11-10T14:17:36.247Z] >>> [apiv2][(partial)header] POST https://serviceusage.googleapis.com/v1/projects/ccpwebsite-35215/services/firebasedataconnect.googleapis.com:enable x-goog-quota-user=projects/ccpwebsite-35215
[debug] [2025-11-10T14:17:36.539Z] <<< [apiv2][status] GET https://serviceusage.googleapis.com/v1/projects/ccpwebsite-35215/services/sqladmin.googleapis.com 200
[debug] [2025-11-10T14:17:36.539Z] <<< [apiv2][body] GET https://serviceusage.googleapis.com/v1/projects/ccpwebsite-35215/services/sqladmin.googleapis.com [omitted]
[warn] !  dataconnect: missing required API sqladmin.googleapis.com. Enabling now... 
[debug] [2025-11-10T14:17:36.539Z] Checked if tokens are valid: true, expires at: 1762787607918
[debug] [2025-11-10T14:17:36.539Z] Checked if tokens are valid: true, expires at: 1762787607918
[debug] [2025-11-10T14:17:36.539Z] >>> [apiv2][query] POST https://serviceusage.googleapis.com/v1/projects/ccpwebsite-35215/services/sqladmin.googleapis.com:enable [none]
[debug] [2025-11-10T14:17:36.539Z] >>> [apiv2][(partial)header] POST https://serviceusage.googleapis.com/v1/projects/ccpwebsite-35215/services/sqladmin.googleapis.com:enable x-goog-quota-user=projects/ccpwebsite-35215
[debug] [2025-11-10T14:17:37.774Z] <<< [apiv2][status] POST https://serviceusage.googleapis.com/v1/projects/ccpwebsite-35215/services/firebasedataconnect.googleapis.com:enable 200
[debug] [2025-11-10T14:17:37.774Z] <<< [apiv2][body] POST https://serviceusage.googleapis.com/v1/projects/ccpwebsite-35215/services/firebasedataconnect.googleapis.com:enable [omitted]
[debug] [2025-11-10T14:17:38.014Z] <<< [apiv2][status] POST https://serviceusage.googleapis.com/v1/projects/ccpwebsite-35215/services/sqladmin.googleapis.com:enable 200
[debug] [2025-11-10T14:17:38.014Z] <<< [apiv2][body] POST https://serviceusage.googleapis.com/v1/projects/ccpwebsite-35215/services/sqladmin.googleapis.com:enable [omitted]
[debug] [2025-11-10T14:17:48.020Z] Checked if tokens are valid: true, expires at: 1762787607918
[debug] [2025-11-10T14:17:48.020Z] Checked if tokens are valid: true, expires at: 1762787607918
[debug] [2025-11-10T14:17:48.020Z] >>> [apiv2][query] GET https://firebasedataconnect.googleapis.com/v1/projects/ccpwebsite-35215/locations/-/services [none]
[debug] [2025-11-10T14:17:49.766Z] <<< [apiv2][status] GET https://firebasedataconnect.googleapis.com/v1/projects/ccpwebsite-35215/locations/-/services 200
[debug] [2025-11-10T14:17:49.766Z] <<< [apiv2][body] GET https://firebasedataconnect.googleapis.com/v1/projects/ccpwebsite-35215/locations/-/services {}
[warn] !  dataconnect: Cannot detect an existing app in the current directory. 
[debug] [2025-11-10T14:18:00.460Z] Checked if tokens are valid: true, expires at: 1762787607918
[debug] [2025-11-10T14:18:00.460Z] Checked if tokens are valid: true, expires at: 1762787607918
[debug] [2025-11-10T14:18:00.460Z] >>> [apiv2][query] GET https://firebasedataconnect.googleapis.com/v1/projects/ccpwebsite-35215/locations/us-east4/services/website/schemas/main [none]
[debug] [2025-11-10T14:18:01.997Z] <<< [apiv2][status] GET https://firebasedataconnect.googleapis.com/v1/projects/ccpwebsite-35215/locations/us-east4/services/website/schemas/main 404
[debug] [2025-11-10T14:18:01.997Z] <<< [apiv2][body] GET https://firebasedataconnect.googleapis.com/v1/projects/ccpwebsite-35215/locations/us-east4/services/website/schemas/main {"error":{"code":404,"message":"Resource 'projects/ccpwebsite-35215/locations/us-east4/services/website/schemas/main' was not found","status":"NOT_FOUND","details":[{"@type":"type.googleapis.com/google.rpc.ResourceInfo","resourceName":"projects/ccpwebsite-35215/locations/us-east4/services/website/schemas/main"}]}}
[info] +  Wrote dataconnect\dataconnect.yaml 
[info] +  Wrote dataconnect\seed_data.gql 
[info] +  Wrote dataconnect\schema\schema.gql 
[info] +  Wrote dataconnect\example\connector.yaml 
[info] +  Wrote dataconnect\example\queries.gql 
[info] +  Wrote dataconnect\example\mutations.gql 
[info] i  dataconnect: No apps to setup Data Connect Generated SDKs 
[info] 
=== Firestore Setup
[info] i  firestore: ensuring required API firestore.googleapis.com is enabled... 
[debug] [2025-11-10T14:18:02.016Z] Checked if tokens are valid: true, expires at: 1762787607918
[debug] [2025-11-10T14:18:02.016Z] Checked if tokens are valid: true, expires at: 1762787607918
[debug] [2025-11-10T14:18:02.016Z] >>> [apiv2][query] GET https://serviceusage.googleapis.com/v1/projects/ccpwebsite-35215/services/firestore.googleapis.com [none]
[debug] [2025-11-10T14:18:02.016Z] >>> [apiv2][(partial)header] GET https://serviceusage.googleapis.com/v1/projects/ccpwebsite-35215/services/firestore.googleapis.com x-goog-quota-user=projects/ccpwebsite-35215
[debug] [2025-11-10T14:18:03.494Z] <<< [apiv2][status] GET https://serviceusage.googleapis.com/v1/projects/ccpwebsite-35215/services/firestore.googleapis.com 200
[debug] [2025-11-10T14:18:03.494Z] <<< [apiv2][body] GET https://serviceusage.googleapis.com/v1/projects/ccpwebsite-35215/services/firestore.googleapis.com [omitted]
[warn] !  firestore: missing required API firestore.googleapis.com. Enabling now... 
[debug] [2025-11-10T14:18:03.495Z] Checked if tokens are valid: true, expires at: 1762787607918
[debug] [2025-11-10T14:18:03.495Z] Checked if tokens are valid: true, expires at: 1762787607918
[debug] [2025-11-10T14:18:03.495Z] >>> [apiv2][query] POST https://serviceusage.googleapis.com/v1/projects/ccpwebsite-35215/services/firestore.googleapis.com:enable [none]
[debug] [2025-11-10T14:18:03.495Z] >>> [apiv2][(partial)header] POST https://serviceusage.googleapis.com/v1/projects/ccpwebsite-35215/services/firestore.googleapis.com:enable x-goog-quota-user=projects/ccpwebsite-35215
[debug] [2025-11-10T14:18:04.972Z] <<< [apiv2][status] POST https://serviceusage.googleapis.com/v1/projects/ccpwebsite-35215/services/firestore.googleapis.com:enable 200
[debug] [2025-11-10T14:18:04.972Z] <<< [apiv2][body] POST https://serviceusage.googleapis.com/v1/projects/ccpwebsite-35215/services/firestore.googleapis.com:enable [omitted]
[debug] [2025-11-10T14:18:14.988Z] Checked if tokens are valid: true, expires at: 1762787607918
[debug] [2025-11-10T14:18:14.988Z] Checked if tokens are valid: true, expires at: 1762787607918
[debug] [2025-11-10T14:18:14.988Z] >>> [apiv2][query] GET https://firestore.googleapis.com/v1/projects/ccpwebsite-35215/databases [none]
[debug] [2025-11-10T14:18:15.753Z] <<< [apiv2][status] GET https://firestore.googleapis.com/v1/projects/ccpwebsite-35215/databases 200
[debug] [2025-11-10T14:18:15.753Z] <<< [apiv2][body] GET https://firestore.googleapis.com/v1/projects/ccpwebsite-35215/databases {}
[debug] [2025-11-10T14:18:15.753Z] Checked if tokens are valid: true, expires at: 1762787607918
[debug] [2025-11-10T14:18:15.753Z] Checked if tokens are valid: true, expires at: 1762787607918
[debug] [2025-11-10T14:18:15.753Z] >>> [apiv2][query] GET https://firestore.googleapis.com/v1/projects/ccpwebsite-35215/locations [none]
[debug] [2025-11-10T14:18:16.024Z] <<< [apiv2][status] GET https://firestore.googleapis.com/v1/projects/ccpwebsite-35215/locations 200
[debug] [2025-11-10T14:18:16.024Z] <<< [apiv2][body] GET https://firestore.googleapis.com/v1/projects/ccpwebsite-35215/locations {"locations":[{"name":"projects/ccpwebsite-35215/locations/eur3","labels":{"appengine.googleapis.com/geo":"europe-west","cloud.googleapis.com/location":"eur3","cloud.googleapis.com/geo":"eur3"},"metadata":{"@type":"type.googleapis.com/google.firestore.admin.v1.LocationMetadata"},"locationId":"eur3","displayName":"Europe"},{"name":"projects/ccpwebsite-35215/locations/nam5","labels":{"appengine.googleapis.com/geo":"us-central","cloud.googleapis.com/location":"nam5","cloud.googleapis.com/geo":"nam5"},"metadata":{"@type":"type.googleapis.com/google.firestore.admin.v1.LocationMetadata"},"locationId":"nam5","displayName":"United States"},{"name":"projects/ccpwebsite-35215/locations/nam7","labels":{"cloud.googleapis.com/location":"nam7","cloud.googleapis.com/geo":"nam7"},"metadata":{"@type":"type.googleapis.com/google.firestore.admin.v1.LocationMetadata"},"locationId":"nam7","displayName":"United States"},{"name":"projects/ccpwebsite-35215/locations/africa-south1","labels":{"cloud.googleapis.com/location":"africa-south1","cloud.googleapis.com/region":"africa-south1"},"metadata":{"@type":"type.googleapis.com/google.firestore.admin.v1.LocationMetadata"},"locationId":"africa-south1","displayName":"Johannesburg"},{"name":"projects/ccpwebsite-35215/locations/asia-east1","labels":{"appengine.googleapis.com/region":"asia-east1","cloud.googleapis.com/location":"asia-east1","cloud.googleapis.com/region":"asia-east1"},"metadata":{"@type":"type.googleapis.com/google.firestore.admin.v1.LocationMetadata"},"locationId":"asia-east1","displayName":"Taiwan"},{"name":"projects/ccpwebsite-35215/locations/asia-east2","labels":{"appengine.googleapis.com/region":"asia-east2","cloud.googleapis.com/location":"asia-east2","cloud.googleapis.com/region":"asia-east2"},"metadata":{"@type":"type.googleapis.com/google.firestore.admin.v1.LocationMetadata"},"locationId":"asia-east2","displayName":"Hong Kong"},{"name":"projects/ccpwebsite-35215/locations/asia-northeast1","labels":{"appengine.googleapis.com/region":"asia-northeast1","cloud.googleapis.com/location":"asia-northeast1","cloud.googleapis.com/region":"asia-northeast1"},"metadata":{"@type":"type.googleapis.com/google.firestore.admin.v1.LocationMetadata"},"locationId":"asia-northeast1","displayName":"Tokyo"},{"name":"projects/ccpwebsite-35215/locations/asia-northeast2","labels":{"appengine.googleapis.com/region":"asia-northeast2","cloud.googleapis.com/location":"asia-northeast2","cloud.googleapis.com/region":"asia-northeast2"},"metadata":{"@type":"type.googleapis.com/google.firestore.admin.v1.LocationMetadata"},"locationId":"asia-northeast2","displayName":"Osaka"},{"name":"projects/ccpwebsite-35215/locations/asia-northeast3","labels":{"appengine.googleapis.com/region":"asia-northeast3","cloud.googleapis.com/location":"asia-northeast3","cloud.googleapis.com/region":"asia-northeast3"},"metadata":{"@type":"type.googleapis.com/google.firestore.admin.v1.LocationMetadata"},"locationId":"asia-northeast3","displayName":"Seoul"},{"name":"projects/ccpwebsite-35215/locations/asia-south1","labels":{"appengine.googleapis.com/region":"asia-south1","cloud.googleapis.com/location":"asia-south1","cloud.googleapis.com/region":"asia-south1"},"metadata":{"@type":"type.googleapis.com/google.firestore.admin.v1.LocationMetadata"},"locationId":"asia-south1","displayName":"Mumbai"},{"name":"projects/ccpwebsite-35215/locations/asia-south2","labels":{"cloud.googleapis.com/location":"asia-south2","cloud.googleapis.com/region":"asia-south2"},"metadata":{"@type":"type.googleapis.com/google.firestore.admin.v1.LocationMetadata"},"locationId":"asia-south2","displayName":"Delhi"},{"name":"projects/ccpwebsite-35215/locations/asia-southeast1","labels":{"appengine.googleapis.com/region":"asia-southeast1","cloud.googleapis.com/location":"asia-southeast1","cloud.googleapis.com/region":"asia-southeast1"},"metadata":{"@type":"type.googleapis.com/google.firestore.admin.v1.LocationMetadata"},"locationId":"asia-southeast1","displayName":"Singapore"},{"name":"projects/ccpwebsite-35215/locations/asia-southeast2","labels":{"appengine.googleapis.com/region":"asia-southeast2","cloud.googleapis.com/location":"asia-southeast2","cloud.googleapis.com/region":"asia-southeast2"},"metadata":{"@type":"type.googleapis.com/google.firestore.admin.v1.LocationMetadata"},"locationId":"asia-southeast2","displayName":"Jakarta"},{"name":"projects/ccpwebsite-35215/locations/australia-southeast1","labels":{"appengine.googleapis.com/region":"australia-southeast1","cloud.googleapis.com/location":"australia-southeast1","cloud.googleapis.com/region":"australia-southeast1"},"metadata":{"@type":"type.googleapis.com/google.firestore.admin.v1.LocationMetadata"},"locationId":"australia-southeast1","displayName":"Sydney"},{"name":"projects/ccpwebsite-35215/locations/australia-southeast2","labels":{"cloud.googleapis.com/location":"australia-southeast2","cloud.googleapis.com/region":"australia-southeast2"},"metadata":{"@type":"type.googleapis.com/google.firestore.admin.v1.LocationMetadata"},"locationId":"australia-southeast2","displayName":"Melbourne"},{"name":"projects/ccpwebsite-35215/locations/europe-central2","labels":{"appengine.googleapis.com/region":"europe-central2","cloud.googleapis.com/location":"europe-central2","cloud.googleapis.com/region":"europe-central2"},"metadata":{"@type":"type.googleapis.com/google.firestore.admin.v1.LocationMetadata"},"locationId":"europe-central2","displayName":"Warsaw"},{"name":"projects/ccpwebsite-35215/locations/europe-north1","labels":{"cloud.googleapis.com/location":"europe-north1","cloud.googleapis.com/region":"europe-north1"},"metadata":{"@type":"type.googleapis.com/google.firestore.admin.v1.LocationMetadata"},"locationId":"europe-north1","displayName":"Finland"},{"name":"projects/ccpwebsite-35215/locations/europe-north2","labels":{"cloud.googleapis.com/location":"europe-north2","cloud.googleapis.com/region":"europe-north2"},"metadata":{"@type":"type.googleapis.com/google.firestore.admin.v1.LocationMetadata"},"locationId":"europe-north2","displayName":"Stockholm"},{"name":"projects/ccpwebsite-35215/locations/europe-southwest1","labels":{"cloud.googleapis.com/location":"europe-southwest1","cloud.googleapis.com/region":"europe-southwest1"},"metadata":{"@type":"type.googleapis.com/google.firestore.admin.v1.LocationMetadata"},"locationId":"europe-southwest1","displayName":"Madrid"},{"name":"projects/ccpwebsite-35215/locations/europe-west1","labels":{"cloud.googleapis.com/location":"europe-west1","cloud.googleapis.com/region":"europe-west1"},"metadata":{"@type":"type.googleapis.com/google.firestore.admin.v1.LocationMetadata"},"locationId":"europe-west1","displayName":"Belgium"},{"name":"projects/ccpwebsite-35215/locations/europe-west10","labels":{"cloud.googleapis.com/location":"europe-west10","cloud.googleapis.com/region":"europe-west10"},"metadata":{"@type":"type.googleapis.com/google.firestore.admin.v1.LocationMetadata"},"locationId":"europe-west10","displayName":"Berlin"},{"name":"projects/ccpwebsite-35215/locations/europe-west12","labels":{"cloud.googleapis.com/location":"europe-west12","cloud.googleapis.com/region":"europe-west12"},"metadata":{"@type":"type.googleapis.com/google.firestore.admin.v1.LocationMetadata"},"locationId":"europe-west12","displayName":"Turin"},{"name":"projects/ccpwebsite-35215/locations/europe-west2","labels":{"appengine.googleapis.com/region":"europe-west2","cloud.googleapis.com/location":"europe-west2","cloud.googleapis.com/region":"europe-west2"},"metadata":{"@type":"type.googleapis.com/google.firestore.admin.v1.LocationMetadata"},"locationId":"europe-west2","displayName":"London"},{"name":"projects/ccpwebsite-35215/locations/europe-west3","labels":{"appengine.googleapis.com/region":"europe-west3","cloud.googleapis.com/location":"europe-west3","cloud.googleapis.com/region":"europe-west3"},"metadata":{"@type":"type.googleapis.com/google.firestore.admin.v1.LocationMetadata"},"locationId":"europe-west3","displayName":"Frankfurt"},{"name":"projects/ccpwebsite-35215/locations/europe-west4","labels":{"cloud.googleapis.com/location":"europe-west4","cloud.googleapis.com/region":"europe-west4"},"metadata":{"@type":"type.googleapis.com/google.firestore.admin.v1.LocationMetadata"},"locationId":"europe-west4","displayName":"Netherlands"},{"name":"projects/ccpwebsite-35215/locations/europe-west6","labels":{"appengine.googleapis.com/region":"europe-west6","cloud.googleapis.com/location":"europe-west6","cloud.googleapis.com/region":"europe-west6"},"metadata":{"@type":"type.googleapis.com/google.firestore.admin.v1.LocationMetadata"},"locationId":"europe-west6","displayName":"Zurich"},{"name":"projects/ccpwebsite-35215/locations/europe-west8","labels":{"cloud.googleapis.com/location":"europe-west8","cloud.googleapis.com/region":"europe-west8"},"metadata":{"@type":"type.googleapis.com/google.firestore.admin.v1.LocationMetadata"},"locationId":"europe-west8","displayName":"Milan"},{"name":"projects/ccpwebsite-35215/locations/europe-west9","labels":{"cloud.googleapis.com/location":"europe-west9","cloud.googleapis.com/region":"europe-west9"},"metadata":{"@type":"type.googleapis.com/google.firestore.admin.v1.LocationMetadata"},"locationId":"europe-west9","displayName":"Paris"},{"name":"projects/ccpwebsite-35215/locations/me-central1","labels":{"cloud.googleapis.com/location":"me-central1","cloud.googleapis.com/region":"me-central1"},"metadata":{"@type":"type.googleapis.com/google.firestore.admin.v1.LocationMetadata"},"locationId":"me-central1","displayName":"Doha"},{"name":"projects/ccpwebsite-35215/locations/me-central2","labels":{"cloud.googleapis.com/location":"me-central2","cloud.googleapis.com/region":"me-central2"},"metadata":{"@type":"type.googleapis.com/google.firestore.admin.v1.LocationMetadata"},"locationId":"me-central2","displayName":"Dammam"},{"name":"projects/ccpwebsite-35215/locations/me-west1","labels":{"cloud.googleapis.com/location":"me-west1","cloud.googleapis.com/region":"me-west1"},"metadata":{"@type":"type.googleapis.com/google.firestore.admin.v1.LocationMetadata"},"locationId":"me-west1","displayName":"Tel Aviv"},{"name":"projects/ccpwebsite-35215/locations/northamerica-northeast1","labels":{"appengine.googleapis.com/region":"northamerica-northeast1","cloud.googleapis.com/location":"northamerica-northeast1","cloud.googleapis.com/region":"northamerica-northeast1"},"metadata":{"@type":"type.googleapis.com/google.firestore.admin.v1.LocationMetadata"},"locationId":"northamerica-northeast1","displayName":"Montréal"},{"name":"projects/ccpwebsite-35215/locations/northamerica-northeast2","labels":{"cloud.googleapis.com/location":"northamerica-northeast2","cloud.googleapis.com/region":"northamerica-northeast2"},"metadata":{"@type":"type.googleapis.com/google.firestore.admin.v1.LocationMetadata"},"locationId":"northamerica-northeast2","displayName":"Toronto"},{"name":"projects/ccpwebsite-35215/locations/northamerica-south1","labels":{"cloud.googleapis.com/location":"northamerica-south1","cloud.googleapis.com/region":"northamerica-south1"},"metadata":{"@type":"type.googleapis.com/google.firestore.admin.v1.LocationMetadata"},"locationId":"northamerica-south1","displayName":"Mexico"},{"name":"projects/ccpwebsite-35215/locations/southamerica-east1","labels":{"appengine.googleapis.com/region":"southamerica-east1","cloud.googleapis.com/location":"southamerica-east1","cloud.googleapis.com/region":"southamerica-east1"},"metadata":{"@type":"type.googleapis.com/google.firestore.admin.v1.LocationMetadata"},"locationId":"southamerica-east1","displayName":"São Paulo"},{"name":"projects/ccpwebsite-35215/locations/southamerica-west1","labels":{"cloud.googleapis.com/location":"southamerica-west1","cloud.googleapis.com/region":"southamerica-west1"},"metadata":{"@type":"type.googleapis.com/google.firestore.admin.v1.LocationMetadata"},"locationId":"southamerica-west1","displayName":"Santiago"},{"name":"projects/ccpwebsite-35215/locations/us-central1","labels":{"cloud.googleapis.com/location":"us-central1","cloud.googleapis.com/region":"us-central1"},"metadata":{"@type":"type.googleapis.com/google.firestore.admin.v1.LocationMetadata"},"locationId":"us-central1","displayName":"Iowa"},{"name":"projects/ccpwebsite-35215/locations/us-east1","labels":{"appengine.googleapis.com/region":"us-east1","cloud.googleapis.com/location":"us-east1","cloud.googleapis.com/region":"us-east1"},"metadata":{"@type":"type.googleapis.com/google.firestore.admin.v1.LocationMetadata"},"locationId":"us-east1","displayName":"South Carolina"},{"name":"projects/ccpwebsite-35215/locations/us-east4","labels":{"appengine.googleapis.com/region":"us-east4","cloud.googleapis.com/location":"us-east4","cloud.googleapis.com/region":"us-east4"},"metadata":{"@type":"type.googleapis.com/google.firestore.admin.v1.LocationMetadata"},"locationId":"us-east4","displayName":"Northern Virginia"},{"name":"projects/ccpwebsite-35215/locations/us-east5","labels":{"cloud.googleapis.com/location":"us-east5","cloud.googleapis.com/region":"us-east5"},"metadata":{"@type":"type.googleapis.com/google.firestore.admin.v1.LocationMetadata"},"locationId":"us-east5","displayName":"Columbus"},{"name":"projects/ccpwebsite-35215/locations/us-south1","labels":{"cloud.googleapis.com/location":"us-south1","cloud.googleapis.com/region":"us-south1"},"metadata":{"@type":"type.googleapis.com/google.firestore.admin.v1.LocationMetadata"},"locationId":"us-south1","displayName":"Dallas"},{"name":"projects/ccpwebsite-35215/locations/us-west1","labels":{"appengine.googleapis.com/region":"us-west1","cloud.googleapis.com/location":"us-west1","cloud.googleapis.com/region":"us-west1"},"metadata":{"@type":"type.googleapis.com/google.firestore.admin.v1.LocationMetadata"},"locationId":"us-west1","displayName":"Oregon"},{"name":"projects/ccpwebsite-35215/locations/us-west2","labels":{"appengine.googleapis.com/region":"us-west2","cloud.googleapis.com/location":"us-west2","cloud.googleapis.com/region":"us-west2"},"metadata":{"@type":"type.googleapis.com/google.firestore.admin.v1.LocationMetadata"},"locationId":"us-west2","displayName":"Los Angeles"},{"name":"projects/ccpwebsite-35215/locations/us-west3","labels":{"appengine.googleapis.com/region":"us-west3","cloud.googleapis.com/location":"us-west3","cloud.googleapis.com/region":"us-west3"},"metadata":{"@type":"type.googleapis.com/google.firestore.admin.v1.LocationMetadata"},"locationId":"us-west3","displayName":"Salt Lake City"},{"name":"projects/ccpwebsite-35215/locations/us-west4","labels":{"appengine.googleapis.com/region":"us-west4","cloud.googleapis.com/location":"us-west4","cloud.googleapis.com/region":"us-west4"},"metadata":{"@type":"type.googleapis.com/google.firestore.admin.v1.LocationMetadata"},"locationId":"us-west4","displayName":"Las Vegas"}]}
[info] 
[info] Firestore Security Rules allow you to define how and when to allow
[info] requests. You can keep these rules in your project directory
[info] and publish them with firebase deploy.
[info] 
[debug] [2025-11-10T14:18:16.092Z] Checked if tokens are valid: true, expires at: 1762787607918
[debug] [2025-11-10T14:18:16.092Z] Checked if tokens are valid: true, expires at: 1762787607918
[debug] [2025-11-10T14:18:16.093Z] >>> [apiv2][query] GET https://firebaserules.googleapis.com/v1/projects/ccpwebsite-35215/releases pageSize=10&pageToken=
[debug] [2025-11-10T14:18:17.416Z] <<< [apiv2][status] GET https://firebaserules.googleapis.com/v1/projects/ccpwebsite-35215/releases 200
[debug] [2025-11-10T14:18:17.417Z] <<< [apiv2][body] GET https://firebaserules.googleapis.com/v1/projects/ccpwebsite-35215/releases {}
[info] 
[info] Firestore indexes allow you to perform complex queries while
[info] maintaining performance that scales with the size of the result
[info] set. You can keep index definitions in your project directory
[info] and publish them with firebase deploy.
[info] 
[debug] [2025-11-10T14:18:26.487Z] Checked if tokens are valid: true, expires at: 1762787607918
[debug] [2025-11-10T14:18:26.487Z] Checked if tokens are valid: true, expires at: 1762787607918
[debug] [2025-11-10T14:18:26.487Z] Checked if tokens are valid: true, expires at: 1762787607918
[debug] [2025-11-10T14:18:26.487Z] Checked if tokens are valid: true, expires at: 1762787607918
[debug] [2025-11-10T14:18:26.487Z] >>> [apiv2][query] GET https://firestore.googleapis.com/v1/projects/ccpwebsite-35215/databases/(default)/collectionGroups/-/indexes [none]
[debug] [2025-11-10T14:18:26.488Z] >>> [apiv2][query] GET https://firestore.googleapis.com/v1/projects/ccpwebsite-35215/databases/(default)/collectionGroups/-/fields?filter=indexConfig.usesAncestorConfig=false OR ttlConfig:* [none]
[debug] [2025-11-10T14:18:26.784Z] <<< [apiv2][status] GET https://firestore.googleapis.com/v1/projects/ccpwebsite-35215/databases/(default)/collectionGroups/-/indexes 404
[debug] [2025-11-10T14:18:26.784Z] <<< [apiv2][body] GET https://firestore.googleapis.com/v1/projects/ccpwebsite-35215/databases/(default)/collectionGroups/-/indexes {"error":{"code":404,"message":"Project 'ccpwebsite-35215' or database '(default)' does not exist.","status":"NOT_FOUND"}}
[debug] [2025-11-10T14:18:26.786Z] <<< [apiv2][status] GET https://firestore.googleapis.com/v1/projects/ccpwebsite-35215/databases/(default)/collectionGroups/-/fields?filter=indexConfig.usesAncestorConfig=false OR ttlConfig:* 404
[debug] [2025-11-10T14:18:26.786Z] <<< [apiv2][body] GET https://firestore.googleapis.com/v1/projects/ccpwebsite-35215/databases/(default)/collectionGroups/-/fields?filter=indexConfig.usesAncestorConfig=false OR ttlConfig:* {"error":{"code":404,"message":"Project 'ccpwebsite-35215' or database '(default)' does not exist.","status":"NOT_FOUND"}}
